已經開始建置於 2017/1/16 下午 05:41:58。
     1>節點 2 (Build 目標) 上的專案 "D:\dropbox\Dropbox\大學\計算機圖學\期末專題\graphic_final\ConsoleApplication1\ConsoleApplication1.vcxproj"。
     1>Link:
         D:\Microsoft Visual Studio 2012 Ultimate\VC\bin\link.exe /ERRORREPORT:PROMPT /OUT:"D:\dropbox\Dropbox\大學\計算機圖學\期末專題\graphic_final\Release\ConsoleApplication1.exe" /INCREMENTAL:NO /NOLOGO kernel32.lib user32.lib gdi32.lib winspool.lib comdlg32.lib advapi32.lib shell32.lib ole32.lib oleaut32.lib uuid.lib odbc32.lib odbccp32.lib /MANIFEST /MANIFESTUAC:"level='asInvoker' uiAccess='false'" /manifest:embed /DEBUG /PDB:"D:\dropbox\Dropbox\大學\計算機圖學\期末專題\graphic_final\Release\ConsoleApplication1.pdb" /SUBSYSTEM:CONSOLE /OPT:REF /OPT:ICF /LTCG /TLBID:1 /DYNAMICBASE /NXCOMPAT /IMPLIB:"D:\dropbox\Dropbox\大學\計算機圖學\期末專題\graphic_final\Release\ConsoleApplication1.lib" /MACHINE:X86 /SAFESEH Release\Source.obj
         正在產生程式碼
     1>d:\dropbox\dropbox\大學\計算機圖學\期末專題\graphic_final\consoleapplication1\source.cpp(848): warning C4715: 'pick' : 不是所有控制路徑都傳回值
         已完成程式碼產生
     1>glut32.lib(glut32.dll) : error LNK2026: 模組對 SAFESEH 映像不安全。
     1>glut32.lib(glut32.dll) : error LNK2026: 模組對 SAFESEH 映像不安全。
     1>glut32.lib(glut32.dll) : error LNK2026: 模組對 SAFESEH 映像不安全。
     1>glut32.lib(glut32.dll) : error LNK2026: 模組對 SAFESEH 映像不安全。
     1>glut32.lib(glut32.dll) : error LNK2026: 模組對 SAFESEH 映像不安全。
     1>glut32.lib(glut32.dll) : error LNK2026: 模組對 SAFESEH 映像不安全。
     1>glut32.lib(glut32.dll) : error LNK2026: 模組對 SAFESEH 映像不安全。
     1>glut32.lib(glut32.dll) : error LNK2026: 模組對 SAFESEH 映像不安全。
     1>glut32.lib(glut32.dll) : error LNK2026: 模組對 SAFESEH 映像不安全。
     1>glut32.lib(glut32.dll) : error LNK2026: 模組對 SAFESEH 映像不安全。
     1>glut32.lib(glut32.dll) : error LNK2026: 模組對 SAFESEH 映像不安全。
     1>glut32.lib(glut32.dll) : error LNK2026: 模組對 SAFESEH 映像不安全。
     1>glut32.lib(glut32.dll) : error LNK2026: 模組對 SAFESEH 映像不安全。
     1>glut32.lib(glut32.dll) : error LNK2026: 模組對 SAFESEH 映像不安全。
     1>D:\dropbox\Dropbox\大學\計算機圖學\期末專題\graphic_final\Release\ConsoleApplication1.exe : fatal error LNK1281: 無法產生 SAFESEH 映像。
     1>專案 "D:\dropbox\Dropbox\大學\計算機圖學\期末專題\graphic_final\ConsoleApplication1\ConsoleApplication1.vcxproj" (Build 目標) 建置完成 -- 失敗。

建置失敗。

經過時間 00:00:00.48
